<?xml version="1.0" encoding="UTF-8"?>
<!-- Generated by org.testng.reporters.JUnitReportReporter -->
<testsuite hostname="DESKTOP-HNBROE6" failures="0" tests="1" name="com.ui.tests.LoginTest" time="33.055" errors="0" timestamp="2025-06-15T15:21:45 IST" skipped="0">
  <testcase classname="com.ui.tests.LoginTest" name="loginExcelTest" time="33.055"/>
</testsuite> <!-- com.ui.tests.LoginTest -->
