<?xml version="1.0" encoding="UTF-8"?>
<!-- Generated by org.testng.reporters.JUnitReportReporter -->
<testsuite hostname="DESKTOP-HNBROE6" failures="0" tests="1" name="com.ui.tests.LoginTest" time="60.629" errors="0" timestamp="2025-06-15T20:49:04 IST" skipped="0">
  <testcase classname="com.ui.tests.LoginTest" name="loginExcelTest" time="60.629"/>
</testsuite> <!-- com.ui.tests.LoginTest -->
